[debug] [2025-01-27T21:37:23.620Z] ----------------------------------------------------------------------
[debug] [2025-01-27T21:37:23.621Z] Command:       /usr/local/bin/node /usr/local/bin/firebase init
[debug] [2025-01-27T21:37:23.621Z] CLI Version:   13.29.2
[debug] [2025-01-27T21:37:23.621Z] Platform:      darwin
[debug] [2025-01-27T21:37:23.622Z] Node Version:  v22.13.1
[debug] [2025-01-27T21:37:23.622Z] Time:          Mon Jan 27 2025 16:37:23 GMT-0500 (Eastern Standard Time)
[debug] [2025-01-27T21:37:23.622Z] ----------------------------------------------------------------------
[debug] 
[debug] [2025-01-27T21:37:23.625Z] > command requires scopes: ["email","openid","https://www.googleapis.com/auth/cloudplatformprojects.readonly","https://www.googleapis.com/auth/firebase","https://www.googleapis.com/auth/cloud-platform"]
[debug] [2025-01-27T21:37:23.625Z] > authorizing via signed-in user (sukainah@my.yorku.ca)
[info] 
     ######## #### ########  ######## ########     ###     ######  ########
     ##        ##  ##     ## ##       ##     ##  ##   ##  ##       ##
     ######    ##  ########  ######   ########  #########  ######  ######
     ##        ##  ##    ##  ##       ##     ## ##     ##       ## ##
     ##       #### ##     ## ######## ########  ##     ##  ######  ########

You're about to initialize a Firebase project in this directory:

  /Users/sukaina/Desktop/FaceRecognition

[info] 
=== Project Setup
[info] 
[info] First, let's associate this project directory with a Firebase project.
[info] You can create multiple project aliases by running firebase use --add, 
[info] but for now we'll just set up a default project.
[info] 
[info] i  If you want to create a project in a Google Cloud organization or folder, please use "firebase projects:create" instead, and return to this command when you've created the project. 
[debug] [2025-01-27T21:43:56.357Z] Checked if tokens are valid: true, expires at: 1738017425517
[debug] [2025-01-27T21:43:56.357Z] Checked if tokens are valid: true, expires at: 1738017425517
[debug] [2025-01-27T21:43:56.359Z] >>> [apiv2][query] POST https://cloudresourcemanager.googleapis.com/v1/projects [none]
[debug] [2025-01-27T21:43:56.360Z] >>> [apiv2][body] POST https://cloudresourcemanager.googleapis.com/v1/projects {"projectId":"FaceRecognition","name":"FaceRecognition"}
[debug] [2025-01-27T21:43:56.757Z] <<< [apiv2][status] POST https://cloudresourcemanager.googleapis.com/v1/projects 400
[debug] [2025-01-27T21:43:56.757Z] <<< [apiv2][body] POST https://cloudresourcemanager.googleapis.com/v1/projects {"error":{"code":400,"message":"field [project_id] has issue [project_id contains invalid characters]","status":"INVALID_ARGUMENT","details":[{"@type":"type.googleapis.com/google.rpc.BadRequest","fieldViolations":[{"field":"project_id","description":"project_id contains invalid characters"}]},{"@type":"type.googleapis.com/google.rpc.Help","links":[{"url":"https://cloud.google.com/resource-manager/reference/rest/v1/projects"}]}]}}
[debug] [2025-01-27T21:43:56.950Z] FirebaseError: Request to https://cloudresourcemanager.googleapis.com/v1/projects had HTTP Error: 400, field [project_id] has issue [project_id contains invalid characters]
    at responseToError (/usr/local/lib/node_modules/firebase-tools/lib/responseToError.js:52:12)
    at RetryOperation._fn (/usr/local/lib/node_modules/firebase-tools/lib/apiv2.js:312:77)
    at process.processTicksAndRejections (node:internal/process/task_queues:105:5)
[error] 
[error] Error: Failed to create project. See firebase-debug.log for more info.
[debug] [2025-01-27T21:44:49.485Z] ----------------------------------------------------------------------
[debug] [2025-01-27T21:44:49.486Z] Command:       /usr/local/bin/node /usr/local/bin/firebase init
[debug] [2025-01-27T21:44:49.486Z] CLI Version:   13.29.2
[debug] [2025-01-27T21:44:49.487Z] Platform:      darwin
[debug] [2025-01-27T21:44:49.487Z] Node Version:  v22.13.1
[debug] [2025-01-27T21:44:49.487Z] Time:          Mon Jan 27 2025 16:44:49 GMT-0500 (Eastern Standard Time)
[debug] [2025-01-27T21:44:49.487Z] ----------------------------------------------------------------------
[debug] 
[debug] [2025-01-27T21:44:49.490Z] > command requires scopes: ["email","openid","https://www.googleapis.com/auth/cloudplatformprojects.readonly","https://www.googleapis.com/auth/firebase","https://www.googleapis.com/auth/cloud-platform"]
[debug] [2025-01-27T21:44:49.490Z] > authorizing via signed-in user (sukainah@my.yorku.ca)
[info] 
     ######## #### ########  ######## ########     ###     ######  ########
     ##        ##  ##     ## ##       ##     ##  ##   ##  ##       ##
     ######    ##  ########  ######   ########  #########  ######  ######
     ##        ##  ##    ##  ##       ##     ## ##     ##       ## ##
     ##       #### ##     ## ######## ########  ##     ##  ######  ########

You're about to initialize a Firebase project in this directory:

  /Users/sukaina/Desktop/FaceRecognition

[info] 
=== Project Setup
[info] 
[info] First, let's associate this project directory with a Firebase project.
[info] You can create multiple project aliases by running firebase use --add, 
[info] but for now we'll just set up a default project.
[info] 
[info] i  If you want to create a project in a Google Cloud organization or folder, please use "firebase projects:create" instead, and return to this command when you've created the project. 
[debug] [2025-01-27T21:45:25.877Z] Checked if tokens are valid: true, expires at: 1738017425517
[debug] [2025-01-27T21:45:25.877Z] Checked if tokens are valid: true, expires at: 1738017425517
[debug] [2025-01-27T21:45:25.879Z] >>> [apiv2][query] POST https://cloudresourcemanager.googleapis.com/v1/projects [none]
[debug] [2025-01-27T21:45:25.879Z] >>> [apiv2][body] POST https://cloudresourcemanager.googleapis.com/v1/projects {"projectId":"FaceRecognition","name":"FaceRecognition"}
[debug] [2025-01-27T21:45:26.209Z] <<< [apiv2][status] POST https://cloudresourcemanager.googleapis.com/v1/projects 400
[debug] [2025-01-27T21:45:26.210Z] <<< [apiv2][body] POST https://cloudresourcemanager.googleapis.com/v1/projects {"error":{"code":400,"message":"field [project_id] has issue [project_id contains invalid characters]","status":"INVALID_ARGUMENT","details":[{"@type":"type.googleapis.com/google.rpc.BadRequest","fieldViolations":[{"field":"project_id","description":"project_id contains invalid characters"}]},{"@type":"type.googleapis.com/google.rpc.Help","links":[{"url":"https://cloud.google.com/resource-manager/reference/rest/v1/projects"}]}]}}
[debug] [2025-01-27T21:45:26.421Z] FirebaseError: Request to https://cloudresourcemanager.googleapis.com/v1/projects had HTTP Error: 400, field [project_id] has issue [project_id contains invalid characters]
    at responseToError (/usr/local/lib/node_modules/firebase-tools/lib/responseToError.js:52:12)
    at RetryOperation._fn (/usr/local/lib/node_modules/firebase-tools/lib/apiv2.js:312:77)
    at process.processTicksAndRejections (node:internal/process/task_queues:105:5)
[error] 
[error] Error: Failed to create project. See firebase-debug.log for more info.
